This file contains any messages produced by compilers while
running configure, to aid debugging if configure makes a mistake.

It was created by cfglib configure 1.0.1, which was
generated by GNU Autoconf 2.69.  Invocation command line was

  $ ./configure --no-create --no-recursion

## --------- ##
## Platform. ##
## --------- ##

hostname = localhost
uname -m = x86_64
uname -r = 4.10.6
uname -s = Linux
uname -v = #1 SMP Sat Jul 22 14:34:58 CST 2017

/usr/bin/uname -p = Intel(R) Core(TM) i7-7700HQ CPU @ 2.80GHz
/bin/uname -X     = unknown

/bin/arch              = x86_64
/usr/bin/arch -k       = unknown
/usr/convex/getsysinfo = unknown
/usr/bin/hostinfo      = unknown
/bin/machine           = unknown
/usr/bin/oslevel       = unknown
/bin/universe          = unknown

PATH: /opt/jdk-9.0.4/bin
PATH: /opt/jdk-9.0.4/bin
PATH: /usr/local/bin
PATH: /usr/bin
PATH: /bin
PATH: /usr/games
PATH: /usr/lib64/kde4/libexec
PATH: /usr/lib64/qt/bin
PATH: /usr/share/texmf/bin


## ----------- ##
## Core tests. ##
## ----------- ##

configure:2398: checking for a BSD-compatible install
configure:2466: result: /usr/bin/ginstall -c
configure:2477: checking whether build environment is sane
configure:2532: result: yes
configure:2570: WARNING: 'missing' script is too old or missing
configure:2683: checking for a thread-safe mkdir -p
configure:2722: result: /usr/bin/mkdir -p
configure:2729: checking for gawk
configure:2745: found /usr/bin/gawk
configure:2756: result: gawk
configure:2767: checking whether make sets $(MAKE)
configure:2789: result: yes
configure:2818: checking whether make supports nested variables
configure:2835: result: yes
configure:2972: checking whether make supports nested variables
configure:2989: result: yes
configure:3060: checking for g++
configure:3076: found /usr/bin/g++
configure:3087: result: g++
configure:3114: checking for C++ compiler version
configure:3123: g++ --version >&5
g++ (GCC) 5.3.0
Copyright (C) 2015 Free Software Foundation, Inc.
This is free software; see the source for copying conditions.  There is NO
warranty; not even for MERCHANTABILITY or FITNESS FOR A PARTICULAR PURPOSE.

configure:3134: $? = 0
configure:3123: g++ -v >&5
Reading specs from /usr/lib64/gcc/x86_64-slackware-linux/5.3.0/specs
COLLECT_GCC=g++
COLLECT_LTO_WRAPPER=/usr/libexec/gcc/x86_64-slackware-linux/5.3.0/lto-wrapper
Target: x86_64-slackware-linux
Configured with: ../gcc-5.3.0/configure --prefix=/usr --libdir=/usr/lib64 --mandir=/usr/man --infodir=/usr/info --enable-shared --enable-bootstrap --enable-languages=ada,c,c++,fortran,go,java,lto,objc --enable-threads=posix --enable-checking=release --enable-objc-gc --with-system-zlib --with-python-dir=/lib64/python2.7/site-packages --enable-libstdcxx-dual-abi --with-default-libstdcxx-abi=gcc4-compatible --disable-libunwind-exceptions --enable-__cxa_atexit --enable-libssp --enable-lto --disable-install-libiberty --with-gnu-ld --verbose --enable-java-home --with-java-home=/usr/lib64/jvm/jre --with-jvm-root-dir=/usr/lib64/jvm --with-jvm-jar-dir=/usr/lib64/jvm/jvm-exports --with-arch-directory=amd64 --with-antlr-jar=/root/slackware64-current/source/d/gcc/antlr-runtime-3.4.jar --enable-java-awt=gtk --disable-gtktest --disable-multilib --target=x86_64-slackware-linux --build=x86_64-slackware-linux --host=x86_64-slackware-linux
Thread model: posix
gcc version 5.3.0 (GCC) 
configure:3134: $? = 0
configure:3123: g++ -V >&5
g++: error: unrecognized command line option '-V'
g++: fatal error: no input files
compilation terminated.
configure:3134: $? = 1
configure:3123: g++ -qversion >&5
g++: error: unrecognized command line option '-qversion'
g++: fatal error: no input files
compilation terminated.
configure:3134: $? = 1
configure:3154: checking whether the C++ compiler works
configure:3176: g++    conftest.cpp  >&5
configure:3180: $? = 0
configure:3228: result: yes
configure:3231: checking for C++ compiler default output file name
configure:3233: result: a.out
configure:3239: checking for suffix of executables
configure:3246: g++ -o conftest    conftest.cpp  >&5
configure:3250: $? = 0
configure:3272: result: 
configure:3294: checking whether we are cross compiling
configure:3302: g++ -o conftest    conftest.cpp  >&5
configure:3306: $? = 0
configure:3313: ./conftest
configure:3317: $? = 0
configure:3332: result: no
configure:3337: checking for suffix of object files
configure:3359: g++ -c   conftest.cpp >&5
configure:3363: $? = 0
configure:3384: result: o
configure:3388: checking whether we are using the GNU C++ compiler
configure:3407: g++ -c   conftest.cpp >&5
configure:3407: $? = 0
configure:3416: result: yes
configure:3425: checking whether g++ accepts -g
configure:3445: g++ -c -g  conftest.cpp >&5
configure:3445: $? = 0
configure:3486: result: yes
configure:3520: checking for style of include used by make
configure:3548: result: GNU
configure:3574: checking dependency style of g++
configure:3685: result: gcc3
configure:3748: checking for gcc
configure:3764: found /usr/bin/gcc
configure:3775: result: gcc
configure:4004: checking for C compiler version
configure:4013: gcc --version >&5
gcc (GCC) 5.3.0
Copyright (C) 2015 Free Software Foundation, Inc.
This is free software; see the source for copying conditions.  There is NO
warranty; not even for MERCHANTABILITY or FITNESS FOR A PARTICULAR PURPOSE.

configure:4024: $? = 0
configure:4013: gcc -v >&5
Reading specs from /usr/lib64/gcc/x86_64-slackware-linux/5.3.0/specs
COLLECT_GCC=gcc
COLLECT_LTO_WRAPPER=/usr/libexec/gcc/x86_64-slackware-linux/5.3.0/lto-wrapper
Target: x86_64-slackware-linux
Configured with: ../gcc-5.3.0/configure --prefix=/usr --libdir=/usr/lib64 --mandir=/usr/man --infodir=/usr/info --enable-shared --enable-bootstrap --enable-languages=ada,c,c++,fortran,go,java,lto,objc --enable-threads=posix --enable-checking=release --enable-objc-gc --with-system-zlib --with-python-dir=/lib64/python2.7/site-packages --enable-libstdcxx-dual-abi --with-default-libstdcxx-abi=gcc4-compatible --disable-libunwind-exceptions --enable-__cxa_atexit --enable-libssp --enable-lto --disable-install-libiberty --with-gnu-ld --verbose --enable-java-home --with-java-home=/usr/lib64/jvm/jre --with-jvm-root-dir=/usr/lib64/jvm --with-jvm-jar-dir=/usr/lib64/jvm/jvm-exports --with-arch-directory=amd64 --with-antlr-jar=/root/slackware64-current/source/d/gcc/antlr-runtime-3.4.jar --enable-java-awt=gtk --disable-gtktest --disable-multilib --target=x86_64-slackware-linux --build=x86_64-slackware-linux --host=x86_64-slackware-linux
Thread model: posix
gcc version 5.3.0 (GCC) 
configure:4024: $? = 0
configure:4013: gcc -V >&5
gcc: error: unrecognized command line option '-V'
gcc: fatal error: no input files
compilation terminated.
configure:4024: $? = 1
configure:4013: gcc -qversion >&5
gcc: error: unrecognized command line option '-qversion'
gcc: fatal error: no input files
compilation terminated.
configure:4024: $? = 1
configure:4028: checking whether we are using the GNU C compiler
configure:4047: gcc -c   conftest.c >&5
configure:4047: $? = 0
configure:4056: result: yes
configure:4065: checking whether gcc accepts -g
configure:4085: gcc -c -g  conftest.c >&5
configure:4085: $? = 0
configure:4126: result: yes
configure:4143: checking for gcc option to accept ISO C89
configure:4206: gcc  -c -g -O2  conftest.c >&5
configure:4206: $? = 0
configure:4219: result: none needed
configure:4244: checking whether gcc understands -c and -o together
configure:4266: gcc -c conftest.c -o conftest2.o
configure:4269: $? = 0
configure:4266: gcc -c conftest.c -o conftest2.o
configure:4269: $? = 0
configure:4281: result: yes
configure:4300: checking dependency style of gcc
configure:4411: result: gcc3
configure:4430: checking build system type
configure:4444: result: x86_64-unknown-linux-gnu
configure:4464: checking host system type
configure:4477: result: x86_64-unknown-linux-gnu
configure:4497: checking for a sed that does not truncate output
configure:4561: result: /usr/bin/sed
configure:4579: checking for grep that handles long lines and -e
configure:4637: result: /usr/bin/grep
configure:4642: checking for egrep
configure:4704: result: /usr/bin/grep -E
configure:4709: checking for fgrep
configure:4771: result: /usr/bin/grep -F
configure:4798: checking how to print strings
configure:4825: result: printf
configure:4858: checking for ld used by gcc
configure:4925: result: /usr/x86_64-slackware-linux/bin/ld
configure:4932: checking if the linker (/usr/x86_64-slackware-linux/bin/ld) is GNU ld
configure:4947: result: yes
configure:5002: checking for BSD- or MS-compatible name lister (nm)
configure:5056: result: /usr/bin/nm -B
configure:5186: checking the name lister (/usr/bin/nm -B) interface
configure:5193: gcc -c -g -O2  conftest.c >&5
configure:5196: /usr/bin/nm -B "conftest.o"
configure:5199: output
0000000000000000 B some_variable
configure:5206: result: BSD nm
configure:5209: checking whether ln -s works
configure:5213: result: yes
configure:5221: checking the maximum length of command line arguments
configure:5352: result: 1572864
configure:5400: checking how to convert x86_64-unknown-linux-gnu file names to x86_64-unknown-linux-gnu format
configure:5440: result: func_convert_file_noop
configure:5447: checking how to convert x86_64-unknown-linux-gnu file names to toolchain format
configure:5467: result: func_convert_file_noop
configure:5474: checking for /usr/x86_64-slackware-linux/bin/ld option to reload object files
configure:5481: result: -r
configure:5555: checking for objdump
configure:5571: found /usr/bin/objdump
configure:5582: result: objdump
configure:5614: checking how to recognize dependent libraries
configure:5814: result: pass_all
configure:5899: checking for dlltool
configure:5915: found /usr/bin/dlltool
configure:5926: result: dlltool
configure:5959: checking how to associate runtime and link libraries
configure:5986: result: printf %s\n
configure:6047: checking for ar
configure:6063: found /usr/bin/ar
configure:6074: result: ar
configure:6111: checking for archiver @FILE support
configure:6128: gcc -c -g -O2  conftest.c >&5
configure:6128: $? = 0
configure:6131: ar cru libconftest.a @conftest.lst >&5
configure:6134: $? = 0
configure:6139: ar cru libconftest.a @conftest.lst >&5
ar: conftest.o: No such file or directory
configure:6142: $? = 1
configure:6154: result: @
configure:6212: checking for strip
configure:6228: found /usr/bin/strip
configure:6239: result: strip
configure:6311: checking for ranlib
configure:6327: found /usr/bin/ranlib
configure:6338: result: ranlib
configure:6440: checking command to parse /usr/bin/nm -B output from gcc object
configure:6593: gcc -c -g -O2  conftest.c >&5
configure:6596: $? = 0
configure:6600: /usr/bin/nm -B conftest.o \| sed -n -e 's/^.*[ ]\([ABCDGIRSTW][ABCDGIRSTW]*\)[ ][ ]*\([_A-Za-z][_A-Za-z0-9]*\)$/\1 \2 \2/p' | sed '/ __gnu_lto/d' \> conftest.nm
configure:6603: $? = 0
configure:6669: gcc -o conftest -g -O2   conftest.c conftstm.o >&5
configure:6672: $? = 0
configure:6710: result: ok
configure:6757: checking for sysroot
configure:6787: result: no
configure:6794: checking for a working dd
configure:6832: result: /usr/bin/dd
configure:6836: checking how to truncate binary pipes
configure:6851: result: /usr/bin/dd bs=4096 count=1
configure:6972: gcc -c -g -O2  conftest.c >&5
configure:6975: $? = 0
configure:7165: checking for mt
configure:7181: found /bin/mt
configure:7192: result: mt
configure:7215: checking if mt is a manifest tool
configure:7221: mt '-?'
usage: mt [-v] [--version] [-h] [ -f device ] command [ count ]
configure:7229: result: no
configure:7871: checking how to run the C preprocessor
configure:7902: gcc -E  conftest.c
configure:7902: $? = 0
configure:7916: gcc -E  conftest.c
conftest.c:11:28: fatal error: ac_nonexistent.h: No such file or directory
compilation terminated.
configure:7916: $? = 1
configure: failed program was:
| /* confdefs.h */
| #define PACKAGE_NAME "cfglib"
| #define PACKAGE_TARNAME "cfglib"
| #define PACKAGE_VERSION "1.0.1"
| #define PACKAGE_STRING "cfglib 1.0.1"
| #define PACKAGE_BUGREPORT "a.chenxiang.z@gmail.com"
| #define PACKAGE_URL ""
| #define PACKAGE "cfglib"
| #define VERSION "1.0.1"
| /* end confdefs.h.  */
| #include <ac_nonexistent.h>
configure:7941: result: gcc -E
configure:7961: gcc -E  conftest.c
configure:7961: $? = 0
configure:7975: gcc -E  conftest.c
conftest.c:11:28: fatal error: ac_nonexistent.h: No such file or directory
compilation terminated.
configure:7975: $? = 1
configure: failed program was:
| /* confdefs.h */
| #define PACKAGE_NAME "cfglib"
| #define PACKAGE_TARNAME "cfglib"
| #define PACKAGE_VERSION "1.0.1"
| #define PACKAGE_STRING "cfglib 1.0.1"
| #define PACKAGE_BUGREPORT "a.chenxiang.z@gmail.com"
| #define PACKAGE_URL ""
| #define PACKAGE "cfglib"
| #define VERSION "1.0.1"
| /* end confdefs.h.  */
| #include <ac_nonexistent.h>
configure:8004: checking for ANSI C header files
configure:8024: gcc -c -g -O2  conftest.c >&5
configure:8024: $? = 0
configure:8097: gcc -o conftest -g -O2   conftest.c  >&5
configure:8097: $? = 0
configure:8097: ./conftest
configure:8097: $? = 0
configure:8108: result: yes
configure:8121: checking for sys/types.h
configure:8121: gcc -c -g -O2  conftest.c >&5
configure:8121: $? = 0
configure:8121: result: yes
configure:8121: checking for sys/stat.h
configure:8121: gcc -c -g -O2  conftest.c >&5
configure:8121: $? = 0
configure:8121: result: yes
configure:8121: checking for stdlib.h
configure:8121: gcc -c -g -O2  conftest.c >&5
configure:8121: $? = 0
configure:8121: result: yes
configure:8121: checking for string.h
configure:8121: gcc -c -g -O2  conftest.c >&5
configure:8121: $? = 0
configure:8121: result: yes
configure:8121: checking for memory.h
configure:8121: gcc -c -g -O2  conftest.c >&5
configure:8121: $? = 0
configure:8121: result: yes
configure:8121: checking for strings.h
configure:8121: gcc -c -g -O2  conftest.c >&5
configure:8121: $? = 0
configure:8121: result: yes
configure:8121: checking for inttypes.h
configure:8121: gcc -c -g -O2  conftest.c >&5
configure:8121: $? = 0
configure:8121: result: yes
configure:8121: checking for stdint.h
configure:8121: gcc -c -g -O2  conftest.c >&5
configure:8121: $? = 0
configure:8121: result: yes
configure:8121: checking for unistd.h
configure:8121: gcc -c -g -O2  conftest.c >&5
configure:8121: $? = 0
configure:8121: result: yes
configure:8135: checking for dlfcn.h
configure:8135: gcc -c -g -O2  conftest.c >&5
configure:8135: $? = 0
configure:8135: result: yes
configure:8402: checking for objdir
configure:8417: result: .libs
configure:8688: checking if gcc supports -fno-rtti -fno-exceptions
configure:8706: gcc -c -g -O2  -fno-rtti -fno-exceptions conftest.c >&5
cc1: warning: command line option '-fno-rtti' is valid for C++/ObjC++ but not for C
configure:8710: $? = 0
configure:8723: result: no
configure:9081: checking for gcc option to produce PIC
configure:9088: result: -fPIC -DPIC
configure:9096: checking if gcc PIC flag -fPIC -DPIC works
configure:9114: gcc -c -g -O2  -fPIC -DPIC -DPIC conftest.c >&5
configure:9118: $? = 0
configure:9131: result: yes
configure:9160: checking if gcc static flag -static works
configure:9188: result: yes
configure:9203: checking if gcc supports -c -o file.o
configure:9224: gcc -c -g -O2  -o out/conftest2.o conftest.c >&5
configure:9228: $? = 0
configure:9250: result: yes
configure:9258: checking if gcc supports -c -o file.o
configure:9305: result: yes
configure:9338: checking whether the gcc linker (/usr/x86_64-slackware-linux/bin/ld -m elf_x86_64) supports shared libraries
configure:10597: result: yes
configure:10634: checking whether -lc should be explicitly linked in
configure:10642: gcc -c -g -O2  conftest.c >&5
configure:10645: $? = 0
configure:10660: gcc -shared  -fPIC -DPIC conftest.o  -v -Wl,-soname -Wl,conftest -o conftest 2\>\&1 \| /usr/bin/grep  -lc  \>/dev/null 2\>\&1
configure:10663: $? = 0
configure:10677: result: no
configure:10837: checking dynamic linker characteristics
configure:11414: gcc -o conftest -g -O2   -Wl,-rpath -Wl,/foo conftest.c  >&5
configure:11414: $? = 0
configure:11646: result: GNU/Linux ld.so
configure:11753: checking how to hardcode library paths into programs
configure:11778: result: immediate
configure:12326: checking whether stripping libraries is possible
configure:12331: result: yes
configure:12366: checking if libtool supports shared libraries
configure:12368: result: yes
configure:12371: checking whether to build shared libraries
configure:12396: result: yes
configure:12399: checking whether to build static libraries
configure:12403: result: yes
configure:12426: checking how to run the C++ preprocessor
configure:12453: g++ -E  conftest.cpp
configure:12453: $? = 0
configure:12467: g++ -E  conftest.cpp
conftest.cpp:23:28: fatal error: ac_nonexistent.h: No such file or directory
compilation terminated.
configure:12467: $? = 1
configure: failed program was:
| /* confdefs.h */
| #define PACKAGE_NAME "cfglib"
| #define PACKAGE_TARNAME "cfglib"
| #define PACKAGE_VERSION "1.0.1"
| #define PACKAGE_STRING "cfglib 1.0.1"
| #define PACKAGE_BUGREPORT "a.chenxiang.z@gmail.com"
| #define PACKAGE_URL ""
| #define PACKAGE "cfglib"
| #define VERSION "1.0.1"
| #define STDC_HEADERS 1
| #define HAVE_SYS_TYPES_H 1
| #define HAVE_SYS_STAT_H 1
| #define HAVE_STDLIB_H 1
| #define HAVE_STRING_H 1
| #define HAVE_MEMORY_H 1
| #define HAVE_STRINGS_H 1
| #define HAVE_INTTYPES_H 1
| #define HAVE_STDINT_H 1
| #define HAVE_UNISTD_H 1
| #define HAVE_DLFCN_H 1
| #define LT_OBJDIR ".libs/"
| /* end confdefs.h.  */
| #include <ac_nonexistent.h>
configure:12492: result: g++ -E
configure:12512: g++ -E  conftest.cpp
configure:12512: $? = 0
configure:12526: g++ -E  conftest.cpp
conftest.cpp:23:28: fatal error: ac_nonexistent.h: No such file or directory
compilation terminated.
configure:12526: $? = 1
configure: failed program was:
| /* confdefs.h */
| #define PACKAGE_NAME "cfglib"
| #define PACKAGE_TARNAME "cfglib"
| #define PACKAGE_VERSION "1.0.1"
| #define PACKAGE_STRING "cfglib 1.0.1"
| #define PACKAGE_BUGREPORT "a.chenxiang.z@gmail.com"
| #define PACKAGE_URL ""
| #define PACKAGE "cfglib"
| #define VERSION "1.0.1"
| #define STDC_HEADERS 1
| #define HAVE_SYS_TYPES_H 1
| #define HAVE_SYS_STAT_H 1
| #define HAVE_STDLIB_H 1
| #define HAVE_STRING_H 1
| #define HAVE_MEMORY_H 1
| #define HAVE_STRINGS_H 1
| #define HAVE_INTTYPES_H 1
| #define HAVE_STDINT_H 1
| #define HAVE_UNISTD_H 1
| #define HAVE_DLFCN_H 1
| #define LT_OBJDIR ".libs/"
| /* end confdefs.h.  */
| #include <ac_nonexistent.h>
configure:12695: checking for ld used by g++
configure:12762: result: /usr/x86_64-slackware-linux/bin/ld -m elf_x86_64
configure:12769: checking if the linker (/usr/x86_64-slackware-linux/bin/ld -m elf_x86_64) is GNU ld
configure:12784: result: yes
configure:12839: checking whether the g++ linker (/usr/x86_64-slackware-linux/bin/ld -m elf_x86_64) supports shared libraries
configure:13912: result: yes
configure:13948: g++ -c -g -O2  conftest.cpp >&5
configure:13951: $? = 0
configure:14477: checking for g++ option to produce PIC
configure:14484: result: -fPIC -DPIC
configure:14492: checking if g++ PIC flag -fPIC -DPIC works
configure:14510: g++ -c -g -O2  -fPIC -DPIC -DPIC conftest.cpp >&5
configure:14514: $? = 0
configure:14527: result: yes
configure:14550: checking if g++ static flag -static works
configure:14578: result: yes
configure:14590: checking if g++ supports -c -o file.o
configure:14611: g++ -c -g -O2  -o out/conftest2.o conftest.cpp >&5
configure:14615: $? = 0
configure:14637: result: yes
configure:14642: checking if g++ supports -c -o file.o
configure:14689: result: yes
configure:14719: checking whether the g++ linker (/usr/x86_64-slackware-linux/bin/ld -m elf_x86_64) supports shared libraries
configure:14759: result: yes
configure:14900: checking dynamic linker characteristics
configure:15636: result: GNU/Linux ld.so
configure:15689: checking how to hardcode library paths into programs
configure:15714: result: immediate
configure:15782: checking for stdlib.h
configure:15782: result: yes
configure:15782: checking for string.h
configure:15782: result: yes
configure:15798: checking for stdlib.h
configure:15798: result: yes
configure:15808: checking for GNU libc compatible malloc
configure:15832: gcc -o conftest -g -O2   conftest.c  >&5
configure:15832: $? = 0
configure:15832: ./conftest
configure:15832: $? = 0
configure:15842: result: yes
configure:15865: checking for memset
configure:15865: gcc -o conftest -g -O2   conftest.c  >&5
conftest.c:50:6: warning: conflicting types for built-in function 'memset'
 char memset ();
      ^
configure:15865: $? = 0
configure:15865: result: yes
configure:16010: checking that generated files are newer than configure
configure:16016: result: done
configure:16047: creating ./config.status

## ---------------- ##
## Cache variables. ##
## ---------------- ##

ac_cv_build=x86_64-unknown-linux-gnu
ac_cv_c_compiler_gnu=yes
ac_cv_cxx_compiler_gnu=yes
ac_cv_env_CCC_set=
ac_cv_env_CCC_value=
ac_cv_env_CC_set=
ac_cv_env_CC_value=
ac_cv_env_CFLAGS_set=
ac_cv_env_CFLAGS_value=
ac_cv_env_CPPFLAGS_set=
ac_cv_env_CPPFLAGS_value=
ac_cv_env_CPP_set=
ac_cv_env_CPP_value=
ac_cv_env_CXXCPP_set=
ac_cv_env_CXXCPP_value=
ac_cv_env_CXXFLAGS_set=
ac_cv_env_CXXFLAGS_value=
ac_cv_env_CXX_set=
ac_cv_env_CXX_value=
ac_cv_env_LDFLAGS_set=
ac_cv_env_LDFLAGS_value=
ac_cv_env_LIBS_set=
ac_cv_env_LIBS_value=
ac_cv_env_build_alias_set=
ac_cv_env_build_alias_value=
ac_cv_env_host_alias_set=
ac_cv_env_host_alias_value=
ac_cv_env_target_alias_set=
ac_cv_env_target_alias_value=
ac_cv_func_malloc_0_nonnull=yes
ac_cv_func_memset=yes
ac_cv_header_dlfcn_h=yes
ac_cv_header_inttypes_h=yes
ac_cv_header_memory_h=yes
ac_cv_header_stdc=yes
ac_cv_header_stdint_h=yes
ac_cv_header_stdlib_h=yes
ac_cv_header_string_h=yes
ac_cv_header_strings_h=yes
ac_cv_header_sys_stat_h=yes
ac_cv_header_sys_types_h=yes
ac_cv_header_unistd_h=yes
ac_cv_host=x86_64-unknown-linux-gnu
ac_cv_objext=o
ac_cv_path_EGREP='/usr/bin/grep -E'
ac_cv_path_FGREP='/usr/bin/grep -F'
ac_cv_path_GREP=/usr/bin/grep
ac_cv_path_SED=/usr/bin/sed
ac_cv_path_install='/usr/bin/ginstall -c'
ac_cv_path_lt_DD=/usr/bin/dd
ac_cv_path_mkdir=/usr/bin/mkdir
ac_cv_prog_AWK=gawk
ac_cv_prog_CPP='gcc -E'
ac_cv_prog_CXXCPP='g++ -E'
ac_cv_prog_ac_ct_AR=ar
ac_cv_prog_ac_ct_CC=gcc
ac_cv_prog_ac_ct_CXX=g++
ac_cv_prog_ac_ct_DLLTOOL=dlltool
ac_cv_prog_ac_ct_MANIFEST_TOOL=mt
ac_cv_prog_ac_ct_OBJDUMP=objdump
ac_cv_prog_ac_ct_RANLIB=ranlib
ac_cv_prog_ac_ct_STRIP=strip
ac_cv_prog_cc_c89=
ac_cv_prog_cc_g=yes
ac_cv_prog_cxx_g=yes
ac_cv_prog_make_make_set=yes
am_cv_CC_dependencies_compiler_type=gcc3
am_cv_CXX_dependencies_compiler_type=gcc3
am_cv_make_support_nested_variables=yes
am_cv_prog_cc_c_o=yes
lt_cv_ar_at_file=@
lt_cv_archive_cmds_need_lc=no
lt_cv_deplibs_check_method=pass_all
lt_cv_file_magic_cmd='$MAGIC_CMD'
lt_cv_file_magic_test_file=
lt_cv_ld_reload_flag=-r
lt_cv_nm_interface='BSD nm'
lt_cv_objdir=.libs
lt_cv_path_LD=/usr/x86_64-slackware-linux/bin/ld
lt_cv_path_LDCXX='/usr/x86_64-slackware-linux/bin/ld -m elf_x86_64'
lt_cv_path_NM='/usr/bin/nm -B'
lt_cv_path_mainfest_tool=no
lt_cv_prog_compiler_c_o=yes
lt_cv_prog_compiler_c_o_CXX=yes
lt_cv_prog_compiler_pic='-fPIC -DPIC'
lt_cv_prog_compiler_pic_CXX='-fPIC -DPIC'
lt_cv_prog_compiler_pic_works=yes
lt_cv_prog_compiler_pic_works_CXX=yes
lt_cv_prog_compiler_rtti_exceptions=no
lt_cv_prog_compiler_static_works=yes
lt_cv_prog_compiler_static_works_CXX=yes
lt_cv_prog_gnu_ld=yes
lt_cv_prog_gnu_ldcxx=yes
lt_cv_sharedlib_from_linklib_cmd='printf %s\n'
lt_cv_shlibpath_overrides_runpath=no
lt_cv_sys_global_symbol_pipe='sed -n -e '\''s/^.*[	 ]\([ABCDGIRSTW][ABCDGIRSTW]*\)[	 ][	 ]*\([_A-Za-z][_A-Za-z0-9]*\)$/\1 \2 \2/p'\'' | sed '\''/ __gnu_lto/d'\'''
lt_cv_sys_global_symbol_to_c_name_address='sed -n -e '\''s/^: \(.*\) .*$/  {"\1", (void *) 0},/p'\'' -e '\''s/^[ABCDGIRSTW][ABCDGIRSTW]* .* \(.*\)$/  {"\1", (void *) \&\1},/p'\'''
lt_cv_sys_global_symbol_to_c_name_address_lib_prefix='sed -n -e '\''s/^: \(.*\) .*$/  {"\1", (void *) 0},/p'\'' -e '\''s/^[ABCDGIRSTW][ABCDGIRSTW]* .* \(lib.*\)$/  {"\1", (void *) \&\1},/p'\'' -e '\''s/^[ABCDGIRSTW][ABCDGIRSTW]* .* \(.*\)$/  {"lib\1", (void *) \&\1},/p'\'''
lt_cv_sys_global_symbol_to_cdecl='sed -n -e '\''s/^T .* \(.*\)$/extern int \1();/p'\'' -e '\''s/^[ABCDGIRSTW][ABCDGIRSTW]* .* \(.*\)$/extern char \1;/p'\'''
lt_cv_sys_global_symbol_to_import=
lt_cv_sys_max_cmd_len=1572864
lt_cv_to_host_file_cmd=func_convert_file_noop
lt_cv_to_tool_file_cmd=func_convert_file_noop
lt_cv_truncate_bin='/usr/bin/dd bs=4096 count=1'

## ----------------- ##
## Output variables. ##
## ----------------- ##

ACLOCAL='aclocal-1.15'
AMDEPBACKSLASH='\'
AMDEP_FALSE='#'
AMDEP_TRUE=''
AMTAR='$${TAR-tar}'
AM_BACKSLASH='\'
AM_DEFAULT_V='$(AM_DEFAULT_VERBOSITY)'
AM_DEFAULT_VERBOSITY='0'
AM_V='$(V)'
AR='ar'
AUTOCONF='autoconf'
AUTOHEADER='autoheader'
AUTOMAKE='automake-1.15'
AWK='gawk'
CC='gcc'
CCDEPMODE='depmode=gcc3'
CFLAGS='-g -O2'
CPP='gcc -E'
CPPFLAGS=''
CXX='g++'
CXXCPP='g++ -E'
CXXDEPMODE='depmode=gcc3'
CXXFLAGS='-g -O2'
CYGPATH_W='echo'
DEFS='-DHAVE_CONFIG_H'
DEPDIR='.deps'
DLLTOOL='dlltool'
DSYMUTIL=''
DUMPBIN=''
ECHO_C=''
ECHO_N='-n'
ECHO_T=''
EGREP='/usr/bin/grep -E'
EXAMPLES='xml_testc xml_testcxx section_testc'
EXAMPLES_FALSE=''
EXAMPLES_TRUE='#'
EXEEXT=''
FGREP='/usr/bin/grep -F'
GREP='/usr/bin/grep'
INSTALL_DATA='${INSTALL} -m 644'
INSTALL_PROGRAM='${INSTALL}'
INSTALL_SCRIPT='${INSTALL}'
INSTALL_STRIP_PROGRAM='$(install_sh) -c -s'
LD='/usr/x86_64-slackware-linux/bin/ld -m elf_x86_64'
LDFLAGS=''
LIBOBJS=''
LIBS=''
LIBTOOL='$(SHELL) $(top_builddir)/libtool'
LIPO=''
LN_S='ln -s'
LTLIBOBJS=''
MAKEINFO='makeinfo'
MANIFEST_TOOL=':'
MKDIR_P='/usr/bin/mkdir -p'
NM='/usr/bin/nm -B'
NMEDIT=''
OBJDUMP='objdump'
OBJEXT='o'
OTOOL64=''
OTOOL=''
PACKAGE='cfglib'
PACKAGE_BUGREPORT='a.chenxiang.z@gmail.com'
PACKAGE_NAME='cfglib'
PACKAGE_STRING='cfglib 1.0.1'
PACKAGE_TARNAME='cfglib'
PACKAGE_URL=''
PACKAGE_VERSION='1.0.1'
PATH_SEPARATOR=':'
RANLIB='ranlib'
SED='/usr/bin/sed'
SET_MAKE=''
SHELL='/bin/sh'
STRIP='strip'
VERSION='1.0.1'
ac_ct_AR='ar'
ac_ct_CC='gcc'
ac_ct_CXX='g++'
ac_ct_DUMPBIN=''
am__EXEEXT_FALSE=''
am__EXEEXT_TRUE='#'
am__fastdepCC_FALSE='#'
am__fastdepCC_TRUE=''
am__fastdepCXX_FALSE='#'
am__fastdepCXX_TRUE=''
am__include='include'
am__isrc=''
am__leading_dot='.'
am__nodep='_no'
am__quote=''
am__tar='$${TAR-tar} chof - "$$tardir"'
am__untar='$${TAR-tar} xf -'
bindir='${exec_prefix}/bin'
build='x86_64-unknown-linux-gnu'
build_alias=''
build_cpu='x86_64'
build_os='linux-gnu'
build_vendor='unknown'
datadir='${datarootdir}'
datarootdir='${prefix}/share'
docdir='${datarootdir}/doc/${PACKAGE_TARNAME}'
dvidir='${docdir}'
exec_prefix='${prefix}'
host='x86_64-unknown-linux-gnu'
host_alias=''
host_cpu='x86_64'
host_os='linux-gnu'
host_vendor='unknown'
htmldir='${docdir}'
includedir='${prefix}/include'
infodir='${datarootdir}/info'
install_sh='${SHELL} /home/pat/proj/comlibs/cfglib/install-sh'
libdir='${exec_prefix}/lib'
libexecdir='${exec_prefix}/libexec'
localedir='${datarootdir}/locale'
localstatedir='${prefix}/var'
mandir='${datarootdir}/man'
mkdir_p='$(MKDIR_P)'
oldincludedir='/usr/include'
pdfdir='${docdir}'
prefix='/usr/local'
program_transform_name='s,x,x,'
psdir='${docdir}'
sbindir='${exec_prefix}/sbin'
sharedstatedir='${prefix}/com'
sysconfdir='${prefix}/etc'
target_alias=''

## ----------- ##
## confdefs.h. ##
## ----------- ##

/* confdefs.h */
#define PACKAGE_NAME "cfglib"
#define PACKAGE_TARNAME "cfglib"
#define PACKAGE_VERSION "1.0.1"
#define PACKAGE_STRING "cfglib 1.0.1"
#define PACKAGE_BUGREPORT "a.chenxiang.z@gmail.com"
#define PACKAGE_URL ""
#define PACKAGE "cfglib"
#define VERSION "1.0.1"
#define STDC_HEADERS 1
#define HAVE_SYS_TYPES_H 1
#define HAVE_SYS_STAT_H 1
#define HAVE_STDLIB_H 1
#define HAVE_STRING_H 1
#define HAVE_MEMORY_H 1
#define HAVE_STRINGS_H 1
#define HAVE_INTTYPES_H 1
#define HAVE_STDINT_H 1
#define HAVE_UNISTD_H 1
#define HAVE_DLFCN_H 1
#define LT_OBJDIR ".libs/"
#define HAVE_STDLIB_H 1
#define HAVE_STRING_H 1
#define HAVE_STDLIB_H 1
#define HAVE_MALLOC 1
#define HAVE_MEMSET 1

configure: exit 0

## ---------------------- ##
## Running config.status. ##
## ---------------------- ##

This file was extended by cfglib config.status 1.0.1, which was
generated by GNU Autoconf 2.69.  Invocation command line was

  CONFIG_FILES    = 
  CONFIG_HEADERS  = 
  CONFIG_LINKS    = 
  CONFIG_COMMANDS = 
  $ ./config.status 

on localhost

config.status:1154: creating Makefile
config.status:1154: creating section/Makefile
config.status:1154: creating xml/Makefile
config.status:1154: creating config.h
config.status:1335: config.h is unchanged
config.status:1383: executing depfiles commands
config.status:1383: executing libtool commands

## ---------------------- ##
## Running config.status. ##
## ---------------------- ##

This file was extended by cfglib config.status 1.0.1, which was
generated by GNU Autoconf 2.69.  Invocation command line was

  CONFIG_FILES    = 
  CONFIG_HEADERS  = 
  CONFIG_LINKS    = 
  CONFIG_COMMANDS = 
  $ ./config.status config.h

on localhost

config.status:1154: creating config.h
config.status:1335: config.h is unchanged
